#
# A fatal error has been detected by the Java Runtime Environment:
#
#  EXCEPTION_ACCESS_VIOLATION (0xc0000005) at pc=0x000000006fb2f2ed, pid=10812, tid=0x000000000000288c
#
# JRE version: OpenJDK Runtime Environment (8.0_212-b04) (build 1.8.0_212-release-1586-b04)
# Java VM: OpenJDK 64-Bit Server VM (25.212-b04 mixed mode windows-amd64 compressed oops)
# Problematic frame:
# V  [jvm.dll+0x46f2ed]
#
# Failed to write core dump. Minidumps are not enabled by default on client versions of Windows
#
# If you would like to submit a bug report, please visit:
#   
#

---------------  T H R E A D  ---------------

Current thread (0x00000000166ba800):  JavaThread "C2 CompilerThread1" daemon [_thread_in_native, id=10380, stack(0x0000000018ea0000,0x0000000018fa0000)]

siginfo: ExceptionCode=0xc0000005, writing address 0x000000206fe8a650

Registers:
RAX=0x0000000018f9ee30, RBX=0x000000206fe8a650, RCX=0x0000000000000007, RDX=0x000000001b651aa0
RSP=0x0000000018f9c620, RBP=0x000000001a2ab028, RSI=0x0000000000000001, RDI=0x000000001a08ba88
R8 =0xfffffffffffffff8, R9 =0x0000000018f9c6a0, R10=0x000000006fe8a650, R11=0x000000006f6c0000
R12=0x0000000000000000, R13=0x0000000018502370, R14=0x0000000018502748, R15=0x0000000000000000
RIP=0x000000006fb2f2ed, EFLAGS=0x0000000000010246

Top of Stack: (sp=0x0000000018f9c620)
0x0000000018f9c620:   0000000018f9c7d0 00000000000000d5
0x0000000018f9c630:   00000000000006a8 000000001db8f280
0x0000000018f9c640:   000000001a08ba88 000000006fb495c4
0x0000000018f9c650:   0000000000000001 0000000000000008
0x0000000018f9c660:   00000000199fadf8 0000000000000000
0x0000000018f9c670:   fffffffffffffff8 00000000166a5510
0x0000000018f9c680:   000000001dec8000 0000000000343388
0x0000000018f9c690:   000000001dec8050 000000001decffe8
0x0000000018f9c6a0:   000000006fcfb338 00000000166a5510
0x0000000018f9c6b0:   0000000000000080 000000001b5f7fe0
0x0000000018f9c6c0:   0000000018f9c790 00000000000003d8
0x0000000018f9c6d0:   0000000018502748 0000000018502370
0x0000000018f9c6e0:   0000000000000000 0000000018502360
0x0000000018f9c6f0:   0000000018f9c810 0000000018f9ca80
0x0000000018f9c700:   0000000018f9cb90 000000006faf6bf8
0x0000000018f9c710:   0000000000000000 0000000000000001 

Instructions: (pc=0x000000006fb2f2ed)
0x000000006fb2f2cd:   f2 48 8b 1c f0 ff 15 c0 b0 13 00 48 8b 90 b8 03
0x000000006fb2f2dd:   00 00 48 8b 82 88 00 00 00 48 8b 90 f0 07 00 00
0x000000006fb2f2ed:   48 89 13 8b 0d 42 35 30 00 ff 15 9c b0 13 00 48
0x000000006fb2f2fd:   8b 88 b8 03 00 00 48 8b 81 88 00 00 00 48 8d 0d 


Register to memory mapping:

RAX=0x0000000018f9ee30 is pointing into the stack for thread: 0x00000000166ba800
RBX=0x000000206fe8a650 is an unknown value
RCX=0x0000000000000007 is an unknown value
RDX=0x000000001b651aa0 is an unknown value
RSP=0x0000000018f9c620 is pointing into the stack for thread: 0x00000000166ba800
RBP=0x000000001a2ab028 is an unknown value
RSI=0x0000000000000001 is an unknown value
RDI=0x000000001a08ba88 is an unknown value
R8 =0xfffffffffffffff8 is an unknown value
R9 =0x0000000018f9c6a0 is pointing into the stack for thread: 0x00000000166ba800
R10=0x000000006fe8a650 is an unknown value
R11=0x000000006f6c0000 is an unknown value
R12=0x0000000000000000 is an unknown value
R13=0x0000000018502370 is an unknown value
R14=0x0000000018502748 is an unknown value
R15=0x0000000000000000 is an unknown value


Stack: [0x0000000018ea0000,0x0000000018fa0000],  sp=0x0000000018f9c620,  free space=1009k
Native frames: (J=compiled Java code, j=interpreted, Vv=VM code, C=native code)
V  [jvm.dll+0x46f2ed]
V  [jvm.dll+0x4895c4]
V  [jvm.dll+0x436bf8]
V  [jvm.dll+0x44189b]
V  [jvm.dll+0x444198]
V  [jvm.dll+0x4272e2]
V  [jvm.dll+0x81fbf]
V  [jvm.dll+0x8291f]
V  [jvm.dll+0x21db3f]
V  [jvm.dll+0x26f53a]
C  [msvcr100.dll+0x21d9f]
C  [msvcr100.dll+0x21e3b]
C  [KERNEL32.DLL+0x17bd4]
C  [ntdll.dll+0x6ce51]


Current CompileTask:
C2:   2121 1396       4       java.net.URLClassLoader$1::run (5 bytes)


---------------  P R O C E S S  ---------------

Java Threads: ( => current thread )
  0x000000001ae0d000 JavaThread "Cache worker for file hash cache (C:\Users\nik4e\AndroidStudioProjects\Lab5\.gradle\5.6.4\fileHashes)" [_thread_blocked, id=7904, stack(0x000000001f910000,0x000000001fa10000)]
  0x000000001ae0c800 JavaThread "Cache worker for journal cache (C:\Users\nik4e\.gradle\caches\journal-1)" [_thread_blocked, id=11868, stack(0x000000001d2d0000,0x000000001d3d0000)]
  0x000000001ae0a000 JavaThread "File lock request listener" [_thread_in_native, id=14968, stack(0x000000001d1d0000,0x000000001d2d0000)]
  0x000000001af61800 JavaThread "Cache worker for file hash cache (C:\Users\nik4e\.gradle\caches\5.6.4\fileHashes)" [_thread_blocked, id=10364, stack(0x000000001d0d0000,0x000000001d1d0000)]
  0x000000001ade7800 JavaThread "Thread-9" [_thread_blocked, id=8576, stack(0x000000001cdd0000,0x000000001ced0000)]
  0x000000001ade7000 JavaThread "Stdin handler" [_thread_blocked, id=2732, stack(0x000000001ccd0000,0x000000001cdd0000)]
  0x000000001ade6800 JavaThread "Asynchronous log dispatcher for DefaultDaemonConnection: socket connection from /127.0.0.1:59629 to /127.0.0.1:59630" [_thread_blocked, id=10400, stack(0x000000001cad0000,0x000000001cbd0000)]
  0x000000001ae24000 JavaThread "Daemon worker" [_thread_in_native, id=14052, stack(0x000000001c9d0000,0x000000001cad0000)]
  0x000000001aded000 JavaThread "Cancel handler" [_thread_blocked, id=3840, stack(0x000000001c8d0000,0x000000001c9d0000)]
  0x000000001ada9000 JavaThread "Handler for socket connection from /127.0.0.1:59629 to /127.0.0.1:59630" [_thread_in_native, id=6552, stack(0x000000001c5d0000,0x000000001c6d0000)]
  0x000000001adaa800 JavaThread "Daemon" [_thread_blocked, id=10716, stack(0x000000001c4d0000,0x000000001c5d0000)]
  0x000000001ad92800 JavaThread "Daemon periodic checks" [_thread_blocked, id=14388, stack(0x000000001c3d0000,0x000000001c4d0000)]
  0x000000001ad39800 JavaThread "Incoming local TCP Connector on port 59629" [_thread_in_native, id=14028, stack(0x000000001c180000,0x000000001c280000)]
  0x000000001ace1800 JavaThread "Daemon health stats" [_thread_blocked, id=8716, stack(0x000000001bb40000,0x000000001bc40000)]
  0x0000000018524800 JavaThread "Service Thread" daemon [_thread_blocked, id=13440, stack(0x00000000191a0000,0x00000000192a0000)]
  0x00000000184d2800 JavaThread "C1 CompilerThread3" daemon [_thread_in_native, id=14228, stack(0x00000000190a0000,0x00000000191a0000)]
  0x00000000184cf800 JavaThread "C2 CompilerThread2" daemon [_thread_in_native, id=1576, stack(0x0000000018fa0000,0x00000000190a0000)]
=>0x00000000166ba800 JavaThread "C2 CompilerThread1" daemon [_thread_in_native, id=10380, stack(0x0000000018ea0000,0x0000000018fa0000)]
  0x00000000184c4000 JavaThread "C2 CompilerThread0" daemon [_thread_blocked, id=2760, stack(0x0000000018da0000,0x0000000018ea0000)]
  0x00000000184c3000 JavaThread "Attach Listener" daemon [_thread_blocked, id=144, stack(0x0000000018ca0000,0x0000000018da0000)]
  0x00000000184c5800 JavaThread "Signal Dispatcher" daemon [_thread_blocked, id=12156, stack(0x0000000018ba0000,0x0000000018ca0000)]
  0x00000000184b1000 JavaThread "Finalizer" daemon [_thread_blocked, id=11952, stack(0x0000000018990000,0x0000000018a90000)]
  0x00000000184b0800 JavaThread "Reference Handler" daemon [_thread_blocked, id=5404, stack(0x0000000018890000,0x0000000018990000)]
  0x00000000028ee000 JavaThread "main" [_thread_blocked, id=4112, stack(0x0000000002660000,0x0000000002760000)]

Other Threads:
  0x00000000166a6000 VMThread [stack: 0x0000000018390000,0x0000000018490000] [id=12552]
  0x0000000018525800 WatcherThread [stack: 0x00000000192a0000,0x00000000193a0000] [id=5352]

VM state:not at safepoint (normal execution)

VM Mutex/Monitor currently owned by a thread: None

heap address: 0x00000000a0000000, size: 1536 MB, Compressed Oops mode: 32-bit
Narrow klass base: 0x0000000000000000, Narrow klass shift: 3
Compressed class space size: 1073741824 Address: 0x0000000100000000

Heap:
 PSYoungGen      total 57344K, used 25605K [0x00000000e0000000, 0x00000000e7000000, 0x0000000100000000)
  eden space 49152K, 35% used [0x00000000e0000000,0x00000000e1108540,0x00000000e3000000)
  from space 8192K, 99% used [0x00000000e3000000,0x00000000e37f8f58,0x00000000e3800000)
  to   space 8192K, 0% used [0x00000000e6800000,0x00000000e6800000,0x00000000e7000000)
 ParOldGen       total 131072K, used 1400K [0x00000000a0000000, 0x00000000a8000000, 0x00000000e0000000)
  object space 131072K, 1% used [0x00000000a0000000,0x00000000a015e318,0x00000000a8000000)
 Metaspace       used 17583K, capacity 18030K, committed 18432K, reserved 1064960K
  class space    used 2527K, capacity 2695K, committed 2816K, reserved 1048576K

Card table byte_map: [0x0000000011cb0000,0x0000000011fc0000] byte_map_base: 0x00000000117b0000

Marking Bits: (ParMarkBitMap*) 0x000000006fe89f30
 Begin Bits: [0x00000000129c0000, 0x00000000141c0000)
 End Bits:   [0x00000000141c0000, 0x00000000159c0000)

Polling page: 0x0000000000a60000

CodeCache: size=245760Kb used=5461Kb max_used=5472Kb free=240298Kb
 bounds [0x00000000028f0000, 0x0000000002e50000, 0x00000000118f0000]
 total_blobs=1971 nmethods=1569 adapters=315
 compilation: enabled

Compilation events (10 events):
Event: 2.072 Thread 0x00000000184d2800 1560       3       java.util.concurrent.locks.AbstractQueuedSynchronizer::setState (6 bytes)
Event: 2.072 Thread 0x00000000184d2800 nmethod 1560 0x0000000002e39d90 code [0x0000000002e39ee0, 0x0000000002e3a030]
Event: 2.074 Thread 0x00000000184c4000 1561       4       java.lang.String::codePointAt (36 bytes)
Event: 2.075 Thread 0x00000000184c4000 nmethod 1561 0x0000000002e46350 code [0x0000000002e464a0, 0x0000000002e46598]
Event: 2.080 Thread 0x00000000184d2800 1562       3       java.util.concurrent.locks.AbstractQueuedSynchronizer::<init> (5 bytes)
Event: 2.080 Thread 0x00000000184d2800 nmethod 1562 0x0000000002e390d0 code [0x0000000002e39240, 0x0000000002e39450]
Event: 2.080 Thread 0x00000000184d2800 1563       3       java.util.concurrent.locks.AbstractOwnableSynchronizer::<init> (5 bytes)
Event: 2.080 Thread 0x00000000184d2800 nmethod 1563 0x0000000002e38d10 code [0x0000000002e38e60, 0x0000000002e39010]
Event: 2.083 Thread 0x00000000184d2800 1564       3       java.lang.reflect.Method::setMethodAccessor (21 bytes)
Event: 2.083 Thread 0x00000000184d2800 nmethod 1564 0x0000000002e386d0 code [0x0000000002e38840, 0x0000000002e38be8]

GC Heap History (6 events):
Event: 0.716 GC heap before
{Heap before GC invocations=1 (full 0):
 PSYoungGen      total 57344K, used 49152K [0x00000000e0000000, 0x00000000e4000000, 0x0000000100000000)
  eden space 49152K, 100% used [0x00000000e0000000,0x00000000e3000000,0x00000000e3000000)
  from space 8192K, 0% used [0x00000000e3800000,0x00000000e3800000,0x00000000e4000000)
  to   space 8192K, 0% used [0x00000000e3000000,0x00000000e3000000,0x00000000e3800000)
 ParOldGen       total 131072K, used 0K [0x00000000a0000000, 0x00000000a8000000, 0x00000000e0000000)
  object space 131072K, 0% used [0x00000000a0000000,0x00000000a0000000,0x00000000a8000000)
 Metaspace       used 7048K, capacity 7278K, committed 7424K, reserved 1056768K
  class space    used 859K, capacity 942K, committed 1024K, reserved 1048576K
Event: 0.721 GC heap after
Heap after GC invocations=1 (full 0):
 PSYoungGen      total 57344K, used 4554K [0x00000000e0000000, 0x00000000e4000000, 0x0000000100000000)
  eden space 49152K, 0% used [0x00000000e0000000,0x00000000e0000000,0x00000000e3000000)
  from space 8192K, 55% used [0x00000000e3000000,0x00000000e3472b48,0x00000000e3800000)
  to   space 8192K, 0% used [0x00000000e3800000,0x00000000e3800000,0x00000000e4000000)
 ParOldGen       total 131072K, used 8K [0x00000000a0000000, 0x00000000a8000000, 0x00000000e0000000)
  object space 131072K, 0% used [0x00000000a0000000,0x00000000a0002000,0x00000000a8000000)
 Metaspace       used 7048K, capacity 7278K, committed 7424K, reserved 1056768K
  class space    used 859K, capacity 942K, committed 1024K, reserved 1048576K
}
Event: 1.646 GC heap before
{Heap before GC invocations=2 (full 0):
 PSYoungGen      total 57344K, used 53706K [0x00000000e0000000, 0x00000000e4000000, 0x0000000100000000)
  eden space 49152K, 100% used [0x00000000e0000000,0x00000000e3000000,0x00000000e3000000)
  from space 8192K, 55% used [0x00000000e3000000,0x00000000e3472b48,0x00000000e3800000)
  to   space 8192K, 0% used [0x00000000e3800000,0x00000000e3800000,0x00000000e4000000)
 ParOldGen       total 131072K, used 8K [0x00000000a0000000, 0x00000000a8000000, 0x00000000e0000000)
  object space 131072K, 0% used [0x00000000a0000000,0x00000000a0002000,0x00000000a8000000)
 Metaspace       used 12287K, capacity 12698K, committed 12928K, reserved 1060864K
  class space    used 1646K, capacity 1807K, committed 1920K, reserved 1048576K
Event: 1.652 GC heap after
Heap after GC invocations=2 (full 0):
 PSYoungGen      total 57344K, used 7073K [0x00000000e0000000, 0x00000000e4000000, 0x0000000100000000)
  eden space 49152K, 0% used [0x00000000e0000000,0x00000000e0000000,0x00000000e3000000)
  from space 8192K, 86% used [0x00000000e3800000,0x00000000e3ee84f0,0x00000000e4000000)
  to   space 8192K, 0% used [0x00000000e3000000,0x00000000e3000000,0x00000000e3800000)
 ParOldGen       total 131072K, used 24K [0x00000000a0000000, 0x00000000a8000000, 0x00000000e0000000)
  object space 131072K, 0% used [0x00000000a0000000,0x00000000a0006000,0x00000000a8000000)
 Metaspace       used 12287K, capacity 12698K, committed 12928K, reserved 1060864K
  class space    used 1646K, capacity 1807K, committed 1920K, reserved 1048576K
}
Event: 1.976 GC heap before
{Heap before GC invocations=3 (full 0):
 PSYoungGen      total 57344K, used 56225K [0x00000000e0000000, 0x00000000e4000000, 0x0000000100000000)
  eden space 49152K, 100% used [0x00000000e0000000,0x00000000e3000000,0x00000000e3000000)
  from space 8192K, 86% used [0x00000000e3800000,0x00000000e3ee84f0,0x00000000e4000000)
  to   space 8192K, 0% used [0x00000000e3000000,0x00000000e3000000,0x00000000e3800000)
 ParOldGen       total 131072K, used 24K [0x00000000a0000000, 0x00000000a8000000, 0x00000000e0000000)
  object space 131072K, 0% used [0x00000000a0000000,0x00000000a0006000,0x00000000a8000000)
 Metaspace       used 16024K, capacity 16430K, committed 16640K, reserved 1062912K
  class space    used 2279K, capacity 2439K, committed 2560K, reserved 1048576K
Event: 1.984 GC heap after
Heap after GC invocations=3 (full 0):
 PSYoungGen      total 57344K, used 8163K [0x00000000e0000000, 0x00000000e7000000, 0x0000000100000000)
  eden space 49152K, 0% used [0x00000000e0000000,0x00000000e0000000,0x00000000e3000000)
  from space 8192K, 99% used [0x00000000e3000000,0x00000000e37f8f58,0x00000000e3800000)
  to   space 8192K, 0% used [0x00000000e6800000,0x00000000e6800000,0x00000000e7000000)
 ParOldGen       total 131072K, used 1400K [0x00000000a0000000, 0x00000000a8000000, 0x00000000e0000000)
  object space 131072K, 1% used [0x00000000a0000000,0x00000000a015e318,0x00000000a8000000)
 Metaspace       used 16024K, capacity 16430K, committed 16640K, reserved 1062912K
  class space    used 2279K, capacity 2439K, committed 2560K, reserved 1048576K
}

Deoptimization events (10 events):
Event: 1.610 Thread 0x000000001ae24000 Uncommon trap: reason=bimorphic action=maybe_recompile pc=0x0000000002b48980 method=java.util.HashMap.putVal(ILjava/lang/Object;Ljava/lang/Object;ZZ)Ljava/lang/Object; @ 253
Event: 1.610 Thread 0x000000001ae24000 Uncommon trap: reason=bimorphic action=maybe_recompile pc=0x0000000002b48980 method=java.util.HashMap.putVal(ILjava/lang/Object;Ljava/lang/Object;ZZ)Ljava/lang/Object; @ 253
Event: 1.610 Thread 0x000000001ae24000 Uncommon trap: reason=bimorphic action=maybe_recompile pc=0x0000000002b48980 method=java.util.HashMap.putVal(ILjava/lang/Object;Ljava/lang/Object;ZZ)Ljava/lang/Object; @ 253
Event: 1.610 Thread 0x000000001ae24000 Uncommon trap: reason=bimorphic action=maybe_recompile pc=0x0000000002b3abe0 method=java.util.HashMap.putVal(ILjava/lang/Object;Ljava/lang/Object;ZZ)Ljava/lang/Object; @ 253
Event: 1.750 Thread 0x000000001ae24000 Uncommon trap: reason=class_check action=maybe_recompile pc=0x0000000002bc1618 method=java.util.regex.Matcher.match(II)Z @ 86
Event: 1.760 Thread 0x000000001ae24000 Uncommon trap: reason=class_check action=maybe_recompile pc=0x0000000002bc1618 method=java.util.regex.Matcher.match(II)Z @ 86
Event: 1.760 Thread 0x000000001ae24000 Uncommon trap: reason=class_check action=maybe_recompile pc=0x0000000002bc1618 method=java.util.regex.Matcher.match(II)Z @ 86
Event: 1.760 Thread 0x000000001ae24000 Uncommon trap: reason=class_check action=maybe_recompile pc=0x0000000002a6435c method=java.util.regex.Matcher.match(II)Z @ 86
Event: 1.920 Thread 0x000000001ae24000 Uncommon trap: reason=unstable_if action=reinterpret pc=0x0000000002d78734 method=java.lang.String.lastIndexOf([CII[CIII)I @ 66
Event: 1.998 Thread 0x000000001ae24000 Uncommon trap: reason=unstable_if action=reinterpret pc=0x0000000002d89f74 method=java.util.HashMap.putVal(ILjava/lang/Object;Ljava/lang/Object;ZZ)Ljava/lang/Object; @ 236

Classes redefined (0 events):
No events

Internal exceptions (10 events):
Event: 1.579 Thread 0x000000001ada9000 Exception <a 'java/lang/NoSuchMethodError': <clinit>> (0x00000000e29a5be0) thrown at [D:\src\AOSP-openjdk-cygwin\jdk8u\hotspot\src\share\vm\prims\jni.cpp, line 1614]
Event: 1.579 Thread 0x000000001ada9000 Exception <a 'java/lang/NoSuchMethodError': <clinit>> (0x00000000e29ae870) thrown at [D:\src\AOSP-openjdk-cygwin\jdk8u\hotspot\src\share\vm\prims\jni.cpp, line 1614]
Event: 1.581 Thread 0x000000001ada9000 Exception <a 'java/lang/NoSuchMethodError': <clinit>> (0x00000000e29c4e60) thrown at [D:\src\AOSP-openjdk-cygwin\jdk8u\hotspot\src\share\vm\prims\jni.cpp, line 1614]
Event: 1.587 Thread 0x000000001ada9000 Exception <a 'java/lang/NoSuchMethodError': <clinit>> (0x00000000e2a23220) thrown at [D:\src\AOSP-openjdk-cygwin\jdk8u\hotspot\src\share\vm\prims\jni.cpp, line 1614]
Event: 1.589 Thread 0x000000001ada9000 Exception <a 'java/lang/NoSuchMethodError': <clinit>> (0x00000000e2a4fed0) thrown at [D:\src\AOSP-openjdk-cygwin\jdk8u\hotspot\src\share\vm\prims\jni.cpp, line 1614]
Event: 1.593 Thread 0x000000001ada9000 Exception <a 'java/lang/NoSuchMethodError': <clinit>> (0x00000000e2a7e398) thrown at [D:\src\AOSP-openjdk-cygwin\jdk8u\hotspot\src\share\vm\prims\jni.cpp, line 1614]
Event: 1.593 Thread 0x000000001ada9000 Exception <a 'java/lang/NoSuchMethodError': <clinit>> (0x00000000e2a897c0) thrown at [D:\src\AOSP-openjdk-cygwin\jdk8u\hotspot\src\share\vm\prims\jni.cpp, line 1614]
Event: 1.901 Thread 0x000000001ae24000 Exception <a 'java/lang/NoSuchMethodError': java.lang.Object.lambda$and$0(Ljava/util/function/Predicate;Ljava/lang/Object;)Z> (0x00000000e289d5d8) thrown at [D:\src\AOSP-openjdk-cygwin\jdk8u\hotspot\src\share\vm\interpreter\linkResolver.cpp, line 620]
Event: 1.906 Thread 0x000000001ae24000 Exception <a 'java/lang/IncompatibleClassChangeError': Found class java.lang.Object, but interface was expected> (0x00000000e28b38c0) thrown at [D:\src\AOSP-openjdk-cygwin\jdk8u\hotspot\src\share\vm\interpreter\linkResolver.cpp, line 653]
Event: 1.907 Thread 0x000000001ae24000 Exception <a 'java/lang/NoSuchMethodError': java.lang.Object.lambda$or$2(Ljava/util/function/Predicate;Ljava/lang/Object;)Z> (0x00000000e28b87d0) thrown at [D:\src\AOSP-openjdk-cygwin\jdk8u\hotspot\src\share\vm\interpreter\linkResolver.cpp, line 620]

Events (10 events):
Event: 2.096 loading class kotlin/reflect/jvm/internal/ReflectionFactoryImpl
Event: 2.096 loading class kotlin/reflect/jvm/internal/ReflectionFactoryImpl done
Event: 2.097 loading class kotlin/jvm/internal/ReflectionFactory
Event: 2.097 loading class kotlin/jvm/internal/ReflectionFactory done
Event: 2.097 loading class kotlin/reflect/KProperty1
Event: 2.097 loading class kotlin/reflect/KProperty1 done
Event: 2.097 loading class kotlin/jvm/functions/Function1
Event: 2.097 loading class kotlin/jvm/functions/Function1 done
Event: 2.097 loading class kotlin/reflect/KClass
Event: 2.097 loading class kotlin/reflect/KClass done


Dynamic libraries:
0x00007ff677e20000 - 0x00007ff677e51000 	C:\Program Files\Android\Android Studio\jre\bin\java.exe
0x00007fff69860000 - 0x00007fff69a50000 	C:\Windows\SYSTEM32\ntdll.dll
0x00007fff69400000 - 0x00007fff694b2000 	C:\Windows\System32\KERNEL32.DLL
0x00007fff67150000 - 0x00007fff673f3000 	C:\Windows\System32\KERNELBASE.dll
0x00007fff68320000 - 0x00007fff683c3000 	C:\Windows\System32\ADVAPI32.dll
0x00007fff68810000 - 0x00007fff688ae000 	C:\Windows\System32\msvcrt.dll
0x00007fff67db0000 - 0x00007fff67e47000 	C:\Windows\System32\sechost.dll
0x00007fff67a20000 - 0x00007fff67b40000 	C:\Windows\System32\RPCRT4.dll
0x00007fff67b50000 - 0x00007fff67ce4000 	C:\Windows\System32\USER32.dll
0x00007fff678e0000 - 0x00007fff67901000 	C:\Windows\System32\win32u.dll
0x00007fff67cf0000 - 0x00007fff67d16000 	C:\Windows\System32\GDI32.dll
0x00007fff67480000 - 0x00007fff67614000 	C:\Windows\System32\gdi32full.dll
0x00007fff667f0000 - 0x00007fff6688e000 	C:\Windows\System32\msvcp_win.dll
0x00007fff67770000 - 0x00007fff6786a000 	C:\Windows\System32\ucrtbase.dll
0x00007fff53710000 - 0x00007fff53995000 	C:\Windows\WinSxS\amd64_microsoft.windows.common-controls_6595b64144ccf1df_6.0.18362.778_none_e6c6b761130d4fb8\COMCTL32.dll
0x00007fff690c0000 - 0x00007fff693f6000 	C:\Windows\System32\combase.dll
0x00007fff67400000 - 0x00007fff67480000 	C:\Windows\System32\bcryptPrimitives.dll
0x00007fff688b0000 - 0x00007fff688de000 	C:\Windows\System32\IMM32.DLL
0x000000006d060000 - 0x000000006d132000 	C:\Program Files\Android\Android Studio\jre\jre\bin\msvcr100.dll
0x000000006f6c0000 - 0x000000006ff06000 	C:\Program Files\Android\Android Studio\jre\jre\bin\server\jvm.dll
0x00007fff67d20000 - 0x00007fff67d28000 	C:\Windows\System32\PSAPI.DLL
0x00007fff5eeb0000 - 0x00007fff5eeb9000 	C:\Windows\SYSTEM32\WSOCK32.dll
0x00007fff61b60000 - 0x00007fff61b6a000 	C:\Windows\SYSTEM32\VERSION.dll
0x00007fff64690000 - 0x00007fff646b4000 	C:\Windows\SYSTEM32\WINMM.dll
0x00007fff694c0000 - 0x00007fff6952f000 	C:\Windows\System32\WS2_32.dll
0x00007fff64660000 - 0x00007fff6468d000 	C:\Windows\SYSTEM32\WINMMBASE.dll
0x00007fff67870000 - 0x00007fff678ba000 	C:\Windows\System32\cfgmgr32.dll
0x00007fff5e8c0000 - 0x00007fff5e8cf000 	C:\Program Files\Android\Android Studio\jre\jre\bin\verify.dll
0x00007fff5bf10000 - 0x00007fff5bf39000 	C:\Program Files\Android\Android Studio\jre\jre\bin\java.dll
0x00007fff5a9b0000 - 0x00007fff5a9c6000 	C:\Program Files\Android\Android Studio\jre\jre\bin\zip.dll
0x00007fff68950000 - 0x00007fff69035000 	C:\Windows\System32\SHELL32.dll
0x00007fff67970000 - 0x00007fff67a19000 	C:\Windows\System32\shcore.dll
0x00007fff66970000 - 0x00007fff670f0000 	C:\Windows\System32\windows.storage.dll
0x00007fff66730000 - 0x00007fff66753000 	C:\Windows\System32\profapi.dll
0x00007fff66780000 - 0x00007fff667ca000 	C:\Windows\System32\powrprof.dll
0x00007fff66720000 - 0x00007fff66730000 	C:\Windows\System32\UMPDC.dll
0x00007fff67e50000 - 0x00007fff67ea2000 	C:\Windows\System32\shlwapi.dll
0x00007fff66760000 - 0x00007fff66771000 	C:\Windows\System32\kernel.appcore.dll
0x00007fff678c0000 - 0x00007fff678d7000 	C:\Windows\System32\cryptsp.dll
0x00007fff5a5d0000 - 0x00007fff5a5ea000 	C:\Program Files\Android\Android Studio\jre\jre\bin\net.dll
0x00007fff58730000 - 0x00007fff58905000 	C:\Windows\SYSTEM32\urlmon.dll
0x00007fff58e00000 - 0x00007fff590a6000 	C:\Windows\SYSTEM32\iertutil.dll
0x00007fff66100000 - 0x00007fff6610c000 	C:\Windows\SYSTEM32\CRYPTBASE.DLL
0x00007fff65f30000 - 0x00007fff65f97000 	C:\Windows\system32\mswsock.dll
0x00007fff5a5b0000 - 0x00007fff5a5c3000 	C:\Program Files\Android\Android Studio\jre\jre\bin\nio.dll
0x00007fff5a9d0000 - 0x00007fff5a9f6000 	C:\Users\nik4e\.gradle\native\30\windows-amd64\native-platform.dll
0x00007fff5e570000 - 0x00007fff5e57d000 	C:\Program Files\Android\Android Studio\jre\jre\bin\management.dll
0x00007fff65aa0000 - 0x00007fff65ad3000 	C:\Windows\system32\rsaenh.dll
0x00007fff66940000 - 0x00007fff66966000 	C:\Windows\System32\bcrypt.dll
0x00007fff66640000 - 0x00007fff66665000 	C:\Windows\SYSTEM32\USERENV.dll
0x00007fff65c40000 - 0x00007fff65c7a000 	C:\Windows\SYSTEM32\IPHLPAPI.DLL
0x00007fff69550000 - 0x00007fff69558000 	C:\Windows\System32\NSI.dll
0x00007fff5b310000 - 0x00007fff5b326000 	C:\Windows\SYSTEM32\dhcpcsvc6.DLL
0x00007fff5c770000 - 0x00007fff5c78c000 	C:\Windows\SYSTEM32\dhcpcsvc.DLL
0x00007fff65c80000 - 0x00007fff65d4a000 	C:\Windows\SYSTEM32\DNSAPI.dll
0x00007fff50840000 - 0x00007fff50a34000 	C:\Windows\SYSTEM32\dbghelp.dll

VM Arguments:
jvm_args: -Xmx1536m -Dfile.encoding=windows-1251 -Duser.country=RU -Duser.language=ru -Duser.variant 
java_command: org.gradle.launcher.daemon.bootstrap.GradleDaemon 5.6.4
java_class_path (initial): C:\Users\nik4e\.gradle\wrapper\dists\gradle-5.6.4-all\ankdp27end7byghfw1q2sw75f\gradle-5.6.4\lib\gradle-launcher-5.6.4.jar
Launcher Type: SUN_STANDARD

Environment Variables:
PATH=C:\Program Files (x86)\Common Files\Oracle\Java\javapath;C:\Python38\Scripts\;C:\Python38\;C:\Windows\system32;C:\Windows;C:\Windows\System32\Wbem;C:\Windows\System32\WindowsPowerShell\v1.0\;C:\Windows\System32\OpenSSH\;C:\Program Files\nodejs\;C:\ProgramData\chocolatey\bin;;C:\Program Files (x86)\NVIDIA Corporation\PhysX\Common;C:\Program Files\dotnet\;C:\Program Files\NVIDIA Corporation\NVIDIA NvDLISR;C:\Users\nik4e\AppData\Local\Microsoft\WindowsApps;C:\Users\nik4e\AppData\Local\GitHubDesktop\bin;C:\Users\nik4e\AppData\Local\Programs\Microsoft VS Code\bin;C:\Users\nik4e\AppData\Roaming\npm;C:\Users\nik4e\.dotnet\tools
USERNAME=nik4e
OS=Windows_NT
PROCESSOR_IDENTIFIER=Intel64 Family 6 Model 60 Stepping 3, GenuineIntel



---------------  S Y S T E M  ---------------

OS: Windows 10.0 , 64 bit Build 18362 (10.0.18362.778)

CPU:total 8 (initial active 8) (4 cores per cpu, 2 threads per core) family 6 model 60 stepping 3, cmov, cx8, fxsr, mmx, sse, sse2, sse3, ssse3, sse4.1, sse4.2, popcnt, avx, avx2, aes, clmul, erms, lzcnt, ht, tsc, tscinvbit, bmi1, bmi2

Memory: 4k page, physical 12513304k(3968776k free), swap 15003672k(2608756k free)

vm_info: OpenJDK 64-Bit Server VM (25.212-b04) for windows-amd64 JRE (1.8.0_212-release-1586-b04), built by "builder" with MS VC++ 10.0 (VS2010)

time: Wed May 13 11:44:47 2020
timezone: RTZ 2 (зима)
elapsed time: 2 seconds (0d 0h 0m 2s)

